TN:
SF:script/DeployEscrowManager.s.sol
DA:8,28
FN:8,DeployEscrowManager.run
FNDA:28,DeployEscrowManager.run
DA:9,28
DA:10,28
DA:11,28
DA:12,28
DA:13,28
FNF:1
FNH:1
LF:6
LH:6
BRF:0
BRH:0
end_of_record
TN:
SF:src/EscrowManager.sol
DA:67,12
FN:67,EscrowManager.onlyBuyer
FNDA:12,EscrowManager.onlyBuyer
DA:68,12
BRDA:68,0,0,2
BRDA:68,0,1,15
DA:72,10
FN:72,EscrowManager.onlySeller
FNDA:10,EscrowManager.onlySeller
DA:73,10
BRDA:73,1,0,3
BRDA:73,1,1,7
DA:77,12
FN:77,EscrowManager.onlyArbiter
FNDA:12,EscrowManager.onlyArbiter
DA:78,12
BRDA:78,2,0,2
BRDA:78,2,1,10
DA:82,10
FN:82,EscrowManager.inState
FNDA:10,EscrowManager.inState
DA:83,10
BRDA:83,3,0,3
BRDA:83,3,1,12
DA:91,28
FN:91,EscrowManager.constructor
FNDA:28,EscrowManager.constructor
DA:92,28
BRDA:92,4,0,-
BRDA:92,4,1,28
DA:93,28
DA:94,28
DA:101,30
FN:101,EscrowManager.createEscrow
FNDA:30,EscrowManager.createEscrow
DA:107,30
BRDA:107,5,0,1
BRDA:107,5,1,29
DA:108,29
BRDA:108,6,0,1
BRDA:108,6,1,28
DA:109,28
BRDA:109,7,0,1
BRDA:109,7,1,27
DA:110,27
BRDA:110,8,0,1
BRDA:110,8,1,26
DA:112,26
DA:114,26
DA:116,26
DA:126,26
DA:140,12
FN:140,EscrowManager.release
FNDA:12,EscrowManager.release
DA:148,6
DA:149,6
DA:152,17
FN:152,EscrowManager.dispute
FNDA:17,EscrowManager.dispute
DA:155,12
DA:156,12
DA:163,10
FN:163,EscrowManager.autoRelease
FNDA:10,EscrowManager.autoRelease
DA:171,5
DA:172,5
BRDA:172,9,0,1
BRDA:172,9,1,4
DA:177,4
DA:178,4
DA:185,12
FN:185,EscrowManager.arbitrate
FNDA:12,EscrowManager.arbitrate
DA:189,7
DA:190,7
DA:194,7
DA:195,7
DA:197,7
DA:199,7
DA:200,7
DA:202,3
BRDA:202,10,0,3
BRDA:202,10,1,4
DA:203,3
DA:205,4
DA:208,7
DA:215,10
FN:215,EscrowManager._releaseToSeller
FNDA:10,EscrowManager._releaseToSeller
DA:216,10
DA:217,10
DA:219,10
DA:220,10
DA:222,10
DA:223,10
FNF:11
FNH:11
LF:51
LH:51
BRF:22
BRH:21
end_of_record
